0 info it worked if it ends with ok
1 verbose cli [ '/usr/bin/node', '/usr/bin/npm', 'run', 'start-dev' ]
2 info using npm@3.5.2
3 info using node@v8.10.0
4 verbose run-script [ 'prestart-dev', 'start-dev', 'poststart-dev' ]
5 info lifecycle battleship-game@4.0.0~prestart-dev: battleship-game@4.0.0
6 silly lifecycle battleship-game@4.0.0~prestart-dev: no script for prestart-dev, continuing
7 info lifecycle battleship-game@4.0.0~start-dev: battleship-game@4.0.0
8 verbose lifecycle battleship-game@4.0.0~start-dev: unsafe-perm in lifecycle true
9 verbose lifecycle battleship-game@4.0.0~start-dev: PATH: /usr/share/npm/bin/node-gyp-bin:/home/nekit1306/Desktop/battleship-game/node_modules/.bin:/home/nekit1306/Desktop/battleship-game/node_modules/.bin:/usr/local/sbin:/usr/local/bin:/usr/sbin:/usr/bin:/sbin:/bin:/usr/games:/usr/local/games:/snap/bin
10 verbose lifecycle battleship-game@4.0.0~start-dev: CWD: /home/nekit1306/Desktop/battleship-game
11 silly lifecycle battleship-game@4.0.0~start-dev: Args: [ '-c', 'node server/server.babel.js' ]
12 silly lifecycle battleship-game@4.0.0~start-dev: Returned: code: 1  signal: null
13 info lifecycle battleship-game@4.0.0~start-dev: Failed to exec start-dev script
14 verbose stack Error: battleship-game@4.0.0 start-dev: `node server/server.babel.js`
14 verbose stack Exit status 1
14 verbose stack     at EventEmitter.<anonymous> (/usr/share/npm/lib/utils/lifecycle.js:232:16)
14 verbose stack     at emitTwo (events.js:126:13)
14 verbose stack     at EventEmitter.emit (events.js:214:7)
14 verbose stack     at ChildProcess.<anonymous> (/usr/share/npm/lib/utils/spawn.js:24:14)
14 verbose stack     at emitTwo (events.js:126:13)
14 verbose stack     at ChildProcess.emit (events.js:214:7)
14 verbose stack     at maybeClose (internal/child_process.js:925:16)
14 verbose stack     at Process.ChildProcess._handle.onexit (internal/child_process.js:209:5)
15 verbose pkgid battleship-game@4.0.0
16 verbose cwd /home/nekit1306/Desktop/battleship-game
17 error Linux 4.18.0-25-generic
18 error argv "/usr/bin/node" "/usr/bin/npm" "run" "start-dev"
19 error node v8.10.0
20 error npm  v3.5.2
21 error code ELIFECYCLE
22 error battleship-game@4.0.0 start-dev: `node server/server.babel.js`
22 error Exit status 1
23 error Failed at the battleship-game@4.0.0 start-dev script 'node server/server.babel.js'.
23 error Make sure you have the latest version of node.js and npm installed.
23 error If you do, this is most likely a problem with the battleship-game package,
23 error not with npm itself.
23 error Tell the author that this fails on your system:
23 error     node server/server.babel.js
23 error You can get information on how to open an issue for this project with:
23 error     npm bugs battleship-game
23 error Or if that isn't available, you can get their info via:
23 error     npm owner ls battleship-game
23 error There is likely additional logging output above.
24 verbose exit [ 1, true ]
